<?xml version="1.0" encoding="UTF-8"?>
<!-- Generated by org.testng.reporters.JUnitReportReporter -->
<testsuite hostname="DESKTOP-DPS3PJL" name="PostCalls.PostCallWithoutSerialization" tests="1" failures="0" timestamp="6 May 2020 08:27:24 GMT" time="5.771" errors="0">
  <testcase name="foo" time="5.771" classname="PostCalls.PostCallWithoutSerialization"/>
</testsuite> <!-- PostCalls.PostCallWithoutSerialization -->
