<?xml version="1.0" encoding="UTF-8"?>
<!-- Generated by org.testng.reporters.JUnitReportReporter -->
<testsuite hostname="DESKTOP-DPS3PJL" name="PutAndPatchCalls.PutAndPatchMethod" tests="2" failures="0" timestamp="6 May 2020 13:02:50 GMT" time="7.876" errors="0">
  <testcase name="xoo" time="3.258" classname="PutAndPatchCalls.PutAndPatchMethod"/>
  <testcase name="foo" time="4.618" classname="PutAndPatchCalls.PutAndPatchMethod"/>
</testsuite> <!-- PutAndPatchCalls.PutAndPatchMethod -->
