<?xml version="1.0" encoding="UTF-8"?>
<!-- Generated by org.testng.reporters.JUnitReportReporter -->
<testsuite hostname="DESKTOP-DPS3PJL" name="PostCalls.PostCallUsingSerialization" tests="1" failures="0" timestamp="6 May 2020 09:08:25 GMT" time="4.671" errors="0">
  <testcase name="foo" time="4.671" classname="PostCalls.PostCallUsingSerialization"/>
</testsuite> <!-- PostCalls.PostCallUsingSerialization -->
