<?xml version="1.0" encoding="UTF-8"?>
<!-- Generated by org.testng.reporters.JUnitReportReporter -->
<testsuite hostname="DESKTOP-DPS3PJL" name="GetCalls.GetCallWithoutSerialization" tests="1" failures="0" timestamp="6 May 2020 09:12:07 GMT" time="5.636" errors="0">
  <testcase name="foo" time="5.636" classname="GetCalls.GetCallWithoutSerialization"/>
</testsuite> <!-- GetCalls.GetCallWithoutSerialization -->
