<?xml version="1.0" encoding="UTF-8"?>
<!-- Generated by org.testng.reporters.JUnitReportReporter -->
<testsuite hostname="DESKTOP-DPS3PJL" name="GetCalls.GetUsersList" tests="1" failures="0" timestamp="5 May 2020 13:08:39 GMT" time="31.251" errors="0">
  <testcase name="foo" time="31.251" classname="GetCalls.GetUsersList"/>
</testsuite> <!-- GetCalls.GetUsersList -->
